Analysis & Synthesis report for proyectosd2
Wed Sep 06 19:08:21 2023
Quartus Prime Version 19.1.0 Build 670 09/22/2019 SJ Lite Edition


---------------------
; Table of Contents ;
---------------------
  1. Legal Notice
  2. Analysis & Synthesis Summary
  3. Analysis & Synthesis Settings
  4. Parallel Compilation
  5. Analysis & Synthesis Source Files Read
  6. Analysis & Synthesis Resource Usage Summary
  7. Analysis & Synthesis Resource Utilization by Entity
  8. State Machine - |proyectosd2|MSS:inst4|estado_actual
  9. Registers Removed During Synthesis
 10. Removed Registers Triggering Further Register Optimizations
 11. General Register Statistics
 12. Parameter Settings for User Entity Instance: Mux2x1:inst1
 13. Parameter Settings for User Entity Instance: Comparator:inst89
 14. Parameter Settings for User Entity Instance: registro_sostenimiento:inst10
 15. Parameter Settings for User Entity Instance: agrupa:inst3
 16. Parameter Settings for User Entity Instance: registro_sostenimiento:inst90
 17. Parameter Settings for User Entity Instance: registro_sostenimiento:inst2
 18. Parameter Settings for User Entity Instance: Mux2x1:inst12
 19. Parameter Settings for User Entity Instance: Mux2x1:inst13
 20. Post-Synthesis Netlist Statistics for Top Partition
 21. Elapsed Time Per Partition
 22. Analysis & Synthesis Messages



----------------
; Legal Notice ;
----------------
Copyright (C) 2019  Intel Corporation. All rights reserved.
Your use of Intel Corporation's design tools, logic functions 
and other software and tools, and any partner logic 
functions, and any output files from any of the foregoing 
(including device programming or simulation files), and any 
associated documentation or information are expressly subject 
to the terms and conditions of the Intel Program License 
Subscription Agreement, the Intel Quartus Prime License Agreement,
the Intel FPGA IP License Agreement, or other applicable license
agreement, including, without limitation, that your use is for
the sole purpose of programming logic devices manufactured by
Intel and sold by Intel or its authorized distributors.  Please
refer to the applicable agreement for further details, at
https://fpgasoftware.intel.com/eula.



+-------------------------------------------------------------------------------+
; Analysis & Synthesis Summary                                                  ;
+---------------------------------+---------------------------------------------+
; Analysis & Synthesis Status     ; Successful - Wed Sep 06 19:08:21 2023       ;
; Quartus Prime Version           ; 19.1.0 Build 670 09/22/2019 SJ Lite Edition ;
; Revision Name                   ; proyectosd2                                 ;
; Top-level Entity Name           ; proyectosd2                                 ;
; Family                          ; Cyclone V                                   ;
; Logic utilization (in ALMs)     ; N/A                                         ;
; Total registers                 ; 0                                           ;
; Total pins                      ; 8                                           ;
; Total virtual pins              ; 0                                           ;
; Total block memory bits         ; 0                                           ;
; Total DSP Blocks                ; 0                                           ;
; Total HSSI RX PCSs              ; 0                                           ;
; Total HSSI PMA RX Deserializers ; 0                                           ;
; Total HSSI TX PCSs              ; 0                                           ;
; Total HSSI PMA TX Serializers   ; 0                                           ;
; Total PLLs                      ; 0                                           ;
; Total DLLs                      ; 0                                           ;
+---------------------------------+---------------------------------------------+


+---------------------------------------------------------------------------------------------------------------------------+
; Analysis & Synthesis Settings                                                                                             ;
+---------------------------------------------------------------------------------+--------------------+--------------------+
; Option                                                                          ; Setting            ; Default Value      ;
+---------------------------------------------------------------------------------+--------------------+--------------------+
; Device                                                                          ; 5CGXFC7C7F23C8     ;                    ;
; Top-level entity name                                                           ; proyectosd2        ; proyectosd2        ;
; Family name                                                                     ; Cyclone V          ; Cyclone V          ;
; Use smart compilation                                                           ; Off                ; Off                ;
; Enable parallel Assembler and Timing Analyzer during compilation                ; On                 ; On                 ;
; Enable compact report table                                                     ; Off                ; Off                ;
; Restructure Multiplexers                                                        ; Auto               ; Auto               ;
; MLAB Add Timing Constraints For Mixed-Port Feed-Through Mode Setting Don't Care ; Off                ; Off                ;
; Create Debugging Nodes for IP Cores                                             ; Off                ; Off                ;
; Preserve fewer node names                                                       ; On                 ; On                 ;
; Intel FPGA IP Evaluation Mode                                                   ; Enable             ; Enable             ;
; Verilog Version                                                                 ; Verilog_2001       ; Verilog_2001       ;
; VHDL Version                                                                    ; VHDL_1993          ; VHDL_1993          ;
; State Machine Processing                                                        ; Auto               ; Auto               ;
; Safe State Machine                                                              ; Off                ; Off                ;
; Extract Verilog State Machines                                                  ; On                 ; On                 ;
; Extract VHDL State Machines                                                     ; On                 ; On                 ;
; Ignore Verilog initial constructs                                               ; Off                ; Off                ;
; Iteration limit for constant Verilog loops                                      ; 5000               ; 5000               ;
; Iteration limit for non-constant Verilog loops                                  ; 250                ; 250                ;
; Add Pass-Through Logic to Inferred RAMs                                         ; On                 ; On                 ;
; Infer RAMs from Raw Logic                                                       ; On                 ; On                 ;
; Parallel Synthesis                                                              ; On                 ; On                 ;
; DSP Block Balancing                                                             ; Auto               ; Auto               ;
; NOT Gate Push-Back                                                              ; On                 ; On                 ;
; Power-Up Don't Care                                                             ; On                 ; On                 ;
; Remove Redundant Logic Cells                                                    ; Off                ; Off                ;
; Remove Duplicate Registers                                                      ; On                 ; On                 ;
; Ignore CARRY Buffers                                                            ; Off                ; Off                ;
; Ignore CASCADE Buffers                                                          ; Off                ; Off                ;
; Ignore GLOBAL Buffers                                                           ; Off                ; Off                ;
; Ignore ROW GLOBAL Buffers                                                       ; Off                ; Off                ;
; Ignore LCELL Buffers                                                            ; Off                ; Off                ;
; Ignore SOFT Buffers                                                             ; On                 ; On                 ;
; Limit AHDL Integers to 32 Bits                                                  ; Off                ; Off                ;
; Optimization Technique                                                          ; Balanced           ; Balanced           ;
; Carry Chain Length                                                              ; 70                 ; 70                 ;
; Auto Carry Chains                                                               ; On                 ; On                 ;
; Auto Open-Drain Pins                                                            ; On                 ; On                 ;
; Perform WYSIWYG Primitive Resynthesis                                           ; Off                ; Off                ;
; Auto ROM Replacement                                                            ; On                 ; On                 ;
; Auto RAM Replacement                                                            ; On                 ; On                 ;
; Auto DSP Block Replacement                                                      ; On                 ; On                 ;
; Auto Shift Register Replacement                                                 ; Auto               ; Auto               ;
; Allow Shift Register Merging across Hierarchies                                 ; Auto               ; Auto               ;
; Auto Clock Enable Replacement                                                   ; On                 ; On                 ;
; Strict RAM Replacement                                                          ; Off                ; Off                ;
; Allow Synchronous Control Signals                                               ; On                 ; On                 ;
; Force Use of Synchronous Clear Signals                                          ; Off                ; Off                ;
; Auto Resource Sharing                                                           ; Off                ; Off                ;
; Allow Any RAM Size For Recognition                                              ; Off                ; Off                ;
; Allow Any ROM Size For Recognition                                              ; Off                ; Off                ;
; Allow Any Shift Register Size For Recognition                                   ; Off                ; Off                ;
; Use LogicLock Constraints during Resource Balancing                             ; On                 ; On                 ;
; Ignore translate_off and synthesis_off directives                               ; Off                ; Off                ;
; Timing-Driven Synthesis                                                         ; On                 ; On                 ;
; Report Parameter Settings                                                       ; On                 ; On                 ;
; Report Source Assignments                                                       ; On                 ; On                 ;
; Report Connectivity Checks                                                      ; On                 ; On                 ;
; Ignore Maximum Fan-Out Assignments                                              ; Off                ; Off                ;
; Synchronization Register Chain Length                                           ; 3                  ; 3                  ;
; Power Optimization During Synthesis                                             ; Normal compilation ; Normal compilation ;
; HDL message level                                                               ; Level2             ; Level2             ;
; Suppress Register Optimization Related Messages                                 ; Off                ; Off                ;
; Number of Removed Registers Reported in Synthesis Report                        ; 5000               ; 5000               ;
; Number of Swept Nodes Reported in Synthesis Report                              ; 5000               ; 5000               ;
; Number of Inverted Registers Reported in Synthesis Report                       ; 100                ; 100                ;
; Clock MUX Protection                                                            ; On                 ; On                 ;
; Auto Gated Clock Conversion                                                     ; Off                ; Off                ;
; Block Design Naming                                                             ; Auto               ; Auto               ;
; SDC constraint protection                                                       ; Off                ; Off                ;
; Synthesis Effort                                                                ; Auto               ; Auto               ;
; Shift Register Replacement - Allow Asynchronous Clear Signal                    ; On                 ; On                 ;
; Pre-Mapping Resynthesis Optimization                                            ; Off                ; Off                ;
; Analysis & Synthesis Message Level                                              ; Medium             ; Medium             ;
; Disable Register Merging Across Hierarchies                                     ; Auto               ; Auto               ;
; Resource Aware Inference For Block RAM                                          ; On                 ; On                 ;
; Automatic Parallel Synthesis                                                    ; On                 ; On                 ;
; Partial Reconfiguration Bitstream ID                                            ; Off                ; Off                ;
+---------------------------------------------------------------------------------+--------------------+--------------------+


+------------------------------------------+
; Parallel Compilation                     ;
+----------------------------+-------------+
; Processors                 ; Number      ;
+----------------------------+-------------+
; Number detected on machine ; 8           ;
; Maximum allowed            ; 4           ;
;                            ;             ;
; Average used               ; 1.00        ;
; Maximum used               ; 1           ;
;                            ;             ;
; Usage by Processor         ; % Time Used ;
;     Processor 1            ; 100.0%      ;
+----------------------------+-------------+


+-------------------------------------------------------------------------------------------------------------------------------------------------------------------------+
; Analysis & Synthesis Source Files Read                                                                                                                                  ;
+----------------------------------+-----------------+------------------------------------+---------------------------------------------------------------------+---------+
; File Name with User-Entered Path ; Used in Netlist ; File Type                          ; File Name with Absolute Path                                        ; Library ;
+----------------------------------+-----------------+------------------------------------+---------------------------------------------------------------------+---------+
; contador_up_down.vhd             ; yes             ; User VHDL File                     ; C:/Users/User/Documents/ProyectoSD2final/contador_up_down.vhd       ;         ;
; registro_sostenimiento.vhd       ; yes             ; User VHDL File                     ; C:/Users/User/Documents/ProyectoSD2final/registro_sostenimiento.vhd ;         ;
; Comparator.vhd                   ; yes             ; User VHDL File                     ; C:/Users/User/Documents/ProyectoSD2final/Comparator.vhd             ;         ;
; proyectosd2.bdf                  ; yes             ; User Block Diagram/Schematic File  ; C:/Users/User/Documents/ProyectoSD2final/proyectosd2.bdf            ;         ;
; agrupa.vhd                       ; yes             ; User VHDL File                     ; C:/Users/User/Documents/ProyectoSD2final/agrupa.vhd                 ;         ;
; contadordown.vhd                 ; yes             ; User VHDL File                     ; C:/Users/User/Documents/ProyectoSD2final/contadordown.vhd           ;         ;
; contadorup.vhd                   ; yes             ; User VHDL File                     ; C:/Users/User/Documents/ProyectoSD2final/contadorup.vhd             ;         ;
; ram.vhd                          ; yes             ; User VHDL File                     ; C:/Users/User/Documents/ProyectoSD2final/ram.vhd                    ;         ;
; Mux2x1.vhd                       ; yes             ; User VHDL File                     ; C:/Users/User/Documents/ProyectoSD2final/Mux2x1.vhd                 ;         ;
; MSS.vhd                          ; yes             ; User VHDL File                     ; C:/Users/User/Documents/ProyectoSD2final/MSS.vhd                    ;         ;
; BinToBCD.vhd                     ; yes             ; User VHDL File                     ; C:/Users/User/Documents/ProyectoSD2final/BinToBCD.vhd               ;         ;
; BCDTo7Segment.vhd                ; yes             ; User VHDL File                     ; C:/Users/User/Documents/ProyectoSD2final/BCDTo7Segment.vhd          ;         ;
+----------------------------------+-----------------+------------------------------------+---------------------------------------------------------------------+---------+


+-----------------------------------------------------+
; Analysis & Synthesis Resource Usage Summary         ;
+---------------------------------------------+-------+
; Resource                                    ; Usage ;
+---------------------------------------------+-------+
; Estimate of Logic utilization (ALMs needed) ; 0     ;
;                                             ;       ;
; Combinational ALUT usage for logic          ; 0     ;
;     -- 7 input functions                    ; 0     ;
;     -- 6 input functions                    ; 0     ;
;     -- 5 input functions                    ; 0     ;
;     -- 4 input functions                    ; 0     ;
;     -- <=3 input functions                  ; 0     ;
;                                             ;       ;
; Dedicated logic registers                   ; 0     ;
;                                             ;       ;
; I/O pins                                    ; 8     ;
;                                             ;       ;
; Total DSP Blocks                            ; 0     ;
;                                             ;       ;
; Maximum fan-out node                        ; abrir ;
; Maximum fan-out                             ; 1     ;
; Total fan-out                               ; 8     ;
; Average fan-out                             ; 0.50  ;
+---------------------------------------------+-------+


+----------------------------------------------------------------------------------------------------------------------------------------------------------------------------------------+
; Analysis & Synthesis Resource Utilization by Entity                                                                                                                                    ;
+----------------------------+---------------------+---------------------------+-------------------+------------+------+--------------+---------------------+-------------+--------------+
; Compilation Hierarchy Node ; Combinational ALUTs ; Dedicated Logic Registers ; Block Memory Bits ; DSP Blocks ; Pins ; Virtual Pins ; Full Hierarchy Name ; Entity Name ; Library Name ;
+----------------------------+---------------------+---------------------------+-------------------+------------+------+--------------+---------------------+-------------+--------------+
; |proyectosd2               ; 0 (0)               ; 0 (0)                     ; 0                 ; 0          ; 8    ; 0            ; |proyectosd2        ; proyectosd2 ; work         ;
+----------------------------+---------------------+---------------------------+-------------------+------------+------+--------------+---------------------+-------------+--------------+
Note: For table entries with two numbers listed, the numbers in parentheses indicate the number of resources of the given type used by the specific entity alone. The numbers listed outside of parentheses indicate the total resources of the given type used by the specific entity and all of its sub-entities in the hierarchy.


Encoding Type:  One-Hot
+---------------------------------------------------------------------------------------------------------------------------------------------------------------------------------------------+
; State Machine - |proyectosd2|MSS:inst4|estado_actual                                                                                                                                        ;
+------------------+------------------+------------------+------------------+------------------+------------------+------------------+------------------+------------------+------------------+
; Name             ; estado_actual.Ti ; estado_actual.Th ; estado_actual.Tg ; estado_actual.Tf ; estado_actual.Te ; estado_actual.Td ; estado_actual.Tc ; estado_actual.Tb ; estado_actual.Ta ;
+------------------+------------------+------------------+------------------+------------------+------------------+------------------+------------------+------------------+------------------+
; estado_actual.Ta ; 0                ; 0                ; 0                ; 0                ; 0                ; 0                ; 0                ; 0                ; 0                ;
; estado_actual.Tb ; 0                ; 0                ; 0                ; 0                ; 0                ; 0                ; 0                ; 1                ; 1                ;
; estado_actual.Tc ; 0                ; 0                ; 0                ; 0                ; 0                ; 0                ; 1                ; 0                ; 1                ;
; estado_actual.Td ; 0                ; 0                ; 0                ; 0                ; 0                ; 1                ; 0                ; 0                ; 1                ;
; estado_actual.Te ; 0                ; 0                ; 0                ; 0                ; 1                ; 0                ; 0                ; 0                ; 1                ;
; estado_actual.Tf ; 0                ; 0                ; 0                ; 1                ; 0                ; 0                ; 0                ; 0                ; 1                ;
; estado_actual.Tg ; 0                ; 0                ; 1                ; 0                ; 0                ; 0                ; 0                ; 0                ; 1                ;
; estado_actual.Th ; 0                ; 1                ; 0                ; 0                ; 0                ; 0                ; 0                ; 0                ; 1                ;
; estado_actual.Ti ; 1                ; 0                ; 0                ; 0                ; 0                ; 0                ; 0                ; 0                ; 1                ;
+------------------+------------------+------------------+------------------+------------------+------------------+------------------+------------------+------------------+------------------+


+---------------------------------------------------------------------------------+
; Registers Removed During Synthesis                                              ;
+----------------------------------------+----------------------------------------+
; Register name                          ; Reason for Removal                     ;
+----------------------------------------+----------------------------------------+
; contadorup:inst6|counter_reg[0..3]     ; Stuck at GND due to stuck port clear   ;
; MSS:inst4|estado_actual.Th             ; Stuck at GND due to stuck port data_in ;
; MSS:inst4|estado_actual.Ta             ; Lost fanout                            ;
; MSS:inst4|estado_actual.Tb             ; Lost fanout                            ;
; MSS:inst4|estado_actual.Tc             ; Lost fanout                            ;
; MSS:inst4|estado_actual.Td             ; Lost fanout                            ;
; MSS:inst4|estado_actual.Te             ; Lost fanout                            ;
; MSS:inst4|estado_actual.Tf             ; Lost fanout                            ;
; MSS:inst4|estado_actual.Tg             ; Lost fanout                            ;
; MSS:inst4|estado_actual.Ti             ; Lost fanout                            ;
; Total Number of Removed Registers = 13 ;                                        ;
+----------------------------------------+----------------------------------------+


+-------------------------------------------------------------------------------------------------+
; Removed Registers Triggering Further Register Optimizations                                     ;
+----------------------------+---------------------------+----------------------------------------+
; Register name              ; Reason for Removal        ; Registers Removed due to This Register ;
+----------------------------+---------------------------+----------------------------------------+
; MSS:inst4|estado_actual.Th ; Stuck at GND              ; MSS:inst4|estado_actual.Tb             ;
;                            ; due to stuck port data_in ;                                        ;
+----------------------------+---------------------------+----------------------------------------+


+------------------------------------------------------+
; General Register Statistics                          ;
+----------------------------------------------+-------+
; Statistic                                    ; Value ;
+----------------------------------------------+-------+
; Total registers                              ; 0     ;
; Number of registers using Synchronous Clear  ; 0     ;
; Number of registers using Synchronous Load   ; 0     ;
; Number of registers using Asynchronous Clear ; 0     ;
; Number of registers using Asynchronous Load  ; 0     ;
; Number of registers using Clock Enable       ; 0     ;
; Number of registers using Preset             ; 0     ;
+----------------------------------------------+-------+


+-----------------------------------------------------------+
; Parameter Settings for User Entity Instance: Mux2x1:inst1 ;
+----------------+-------+----------------------------------+
; Parameter Name ; Value ; Type                             ;
+----------------+-------+----------------------------------+
; n              ; 4     ; Signed Integer                   ;
+----------------+-------+----------------------------------+
Note: In order to hide this table in the UI and the text report file, please set the "Show Parameter Settings in Synthesis Report" option in "Analysis and Synthesis Settings -> More Settings" to "Off".


+----------------------------------------------------------------+
; Parameter Settings for User Entity Instance: Comparator:inst89 ;
+----------------+-------+---------------------------------------+
; Parameter Name ; Value ; Type                                  ;
+----------------+-------+---------------------------------------+
; n              ; 4     ; Signed Integer                        ;
+----------------+-------+---------------------------------------+
Note: In order to hide this table in the UI and the text report file, please set the "Show Parameter Settings in Synthesis Report" option in "Analysis and Synthesis Settings -> More Settings" to "Off".


+----------------------------------------------------------------------------+
; Parameter Settings for User Entity Instance: registro_sostenimiento:inst10 ;
+----------------+-------+---------------------------------------------------+
; Parameter Name ; Value ; Type                                              ;
+----------------+-------+---------------------------------------------------+
; n              ; 18    ; Signed Integer                                    ;
+----------------+-------+---------------------------------------------------+
Note: In order to hide this table in the UI and the text report file, please set the "Show Parameter Settings in Synthesis Report" option in "Analysis and Synthesis Settings -> More Settings" to "Off".


+-----------------------------------------------------------+
; Parameter Settings for User Entity Instance: agrupa:inst3 ;
+----------------+-------+----------------------------------+
; Parameter Name ; Value ; Type                             ;
+----------------+-------+----------------------------------+
; n              ; 9     ; Signed Integer                   ;
+----------------+-------+----------------------------------+
Note: In order to hide this table in the UI and the text report file, please set the "Show Parameter Settings in Synthesis Report" option in "Analysis and Synthesis Settings -> More Settings" to "Off".


+----------------------------------------------------------------------------+
; Parameter Settings for User Entity Instance: registro_sostenimiento:inst90 ;
+----------------+-------+---------------------------------------------------+
; Parameter Name ; Value ; Type                                              ;
+----------------+-------+---------------------------------------------------+
; n              ; 9     ; Signed Integer                                    ;
+----------------+-------+---------------------------------------------------+
Note: In order to hide this table in the UI and the text report file, please set the "Show Parameter Settings in Synthesis Report" option in "Analysis and Synthesis Settings -> More Settings" to "Off".


+---------------------------------------------------------------------------+
; Parameter Settings for User Entity Instance: registro_sostenimiento:inst2 ;
+----------------+-------+--------------------------------------------------+
; Parameter Name ; Value ; Type                                             ;
+----------------+-------+--------------------------------------------------+
; n              ; 9     ; Signed Integer                                   ;
+----------------+-------+--------------------------------------------------+
Note: In order to hide this table in the UI and the text report file, please set the "Show Parameter Settings in Synthesis Report" option in "Analysis and Synthesis Settings -> More Settings" to "Off".


+------------------------------------------------------------+
; Parameter Settings for User Entity Instance: Mux2x1:inst12 ;
+----------------+-------+-----------------------------------+
; Parameter Name ; Value ; Type                              ;
+----------------+-------+-----------------------------------+
; n              ; 4     ; Signed Integer                    ;
+----------------+-------+-----------------------------------+
Note: In order to hide this table in the UI and the text report file, please set the "Show Parameter Settings in Synthesis Report" option in "Analysis and Synthesis Settings -> More Settings" to "Off".


+------------------------------------------------------------+
; Parameter Settings for User Entity Instance: Mux2x1:inst13 ;
+----------------+-------+-----------------------------------+
; Parameter Name ; Value ; Type                              ;
+----------------+-------+-----------------------------------+
; n              ; 4     ; Signed Integer                    ;
+----------------+-------+-----------------------------------+
Note: In order to hide this table in the UI and the text report file, please set the "Show Parameter Settings in Synthesis Report" option in "Analysis and Synthesis Settings -> More Settings" to "Off".


+-----------------------------------------------------+
; Post-Synthesis Netlist Statistics for Top Partition ;
+-------------------+---------------------------------+
; Type              ; Count                           ;
+-------------------+---------------------------------+
; boundary_port     ; 8                               ;
;                   ;                                 ;
; Max LUT depth     ; 0.00                            ;
; Average LUT depth ; 0.00                            ;
+-------------------+---------------------------------+


+-------------------------------+
; Elapsed Time Per Partition    ;
+----------------+--------------+
; Partition Name ; Elapsed Time ;
+----------------+--------------+
; Top            ; 00:00:00     ;
+----------------+--------------+


+-------------------------------+
; Analysis & Synthesis Messages ;
+-------------------------------+
Info: *******************************************************************
Info: Running Quartus Prime Analysis & Synthesis
    Info: Version 19.1.0 Build 670 09/22/2019 SJ Lite Edition
    Info: Processing started: Wed Sep 06 19:08:13 2023
Info: Command: quartus_map --read_settings_files=on --write_settings_files=off proyectosd2 -c proyectosd2
Warning (18236): Number of processors has not been specified which may cause overloading on shared machines.  Set the global assignment NUM_PARALLEL_PROCESSORS in your QSF to an appropriate value for best performance.
Info (20030): Parallel compilation is enabled and will use 4 of the 4 processors detected
Info (12021): Found 2 design units, including 1 entities, in source file contador_up_down.vhd
    Info (12022): Found design unit 1: contador_up_down-solucion File: C:/Users/User/Documents/ProyectoSD2final/contador_up_down.vhd Line: 12
    Info (12023): Found entity 1: contador_up_down File: C:/Users/User/Documents/ProyectoSD2final/contador_up_down.vhd Line: 6
Info (12021): Found 2 design units, including 1 entities, in source file registro_sostenimiento.vhd
    Info (12022): Found design unit 1: registro_sostenimiento-Behavioral File: C:/Users/User/Documents/ProyectoSD2final/registro_sostenimiento.vhd Line: 18
    Info (12023): Found entity 1: registro_sostenimiento File: C:/Users/User/Documents/ProyectoSD2final/registro_sostenimiento.vhd Line: 7
Info (12021): Found 2 design units, including 1 entities, in source file comparator.vhd
    Info (12022): Found design unit 1: Comparator-solve File: C:/Users/User/Documents/ProyectoSD2final/Comparator.vhd Line: 14
    Info (12023): Found entity 1: Comparator File: C:/Users/User/Documents/ProyectoSD2final/Comparator.vhd Line: 5
Info (12021): Found 1 design units, including 1 entities, in source file proyectosd2.bdf
    Info (12023): Found entity 1: proyectosd2
Info (12021): Found 2 design units, including 1 entities, in source file servocontrol.vhd
    Info (12022): Found design unit 1: ServoControl-Behavioral File: C:/Users/User/Documents/ProyectoSD2final/ServoControl.vhd Line: 17
    Info (12023): Found entity 1: ServoControl File: C:/Users/User/Documents/ProyectoSD2final/ServoControl.vhd Line: 6
Info (12021): Found 2 design units, including 1 entities, in source file agrupa.vhd
    Info (12022): Found design unit 1: agrupa-solucion File: C:/Users/User/Documents/ProyectoSD2final/agrupa.vhd Line: 12
    Info (12023): Found entity 1: agrupa File: C:/Users/User/Documents/ProyectoSD2final/agrupa.vhd Line: 4
Info (12021): Found 2 design units, including 1 entities, in source file contadordown.vhd
    Info (12022): Found design unit 1: contadordown-solucion File: C:/Users/User/Documents/ProyectoSD2final/contadordown.vhd Line: 11
    Info (12023): Found entity 1: contadordown File: C:/Users/User/Documents/ProyectoSD2final/contadordown.vhd Line: 5
Info (12021): Found 2 design units, including 1 entities, in source file contadorup.vhd
    Info (12022): Found design unit 1: contadorup-solucion File: C:/Users/User/Documents/ProyectoSD2final/contadorup.vhd Line: 11
    Info (12023): Found entity 1: contadorup File: C:/Users/User/Documents/ProyectoSD2final/contadorup.vhd Line: 5
Info (12021): Found 2 design units, including 1 entities, in source file ram.vhd
    Info (12022): Found design unit 1: ram-archxi File: C:/Users/User/Documents/ProyectoSD2final/ram.vhd Line: 15
    Info (12023): Found entity 1: ram File: C:/Users/User/Documents/ProyectoSD2final/ram.vhd Line: 6
Info (12021): Found 2 design units, including 1 entities, in source file mux2x1.vhd
    Info (12022): Found design unit 1: Mux2x1-Behavioral File: C:/Users/User/Documents/ProyectoSD2final/Mux2x1.vhd Line: 17
    Info (12023): Found entity 1: Mux2x1 File: C:/Users/User/Documents/ProyectoSD2final/Mux2x1.vhd Line: 6
Info (12021): Found 2 design units, including 1 entities, in source file mss.vhd
    Info (12022): Found design unit 1: MSS-Behavioral File: C:/Users/User/Documents/ProyectoSD2final/MSS.vhd Line: 15
    Info (12023): Found entity 1: MSS File: C:/Users/User/Documents/ProyectoSD2final/MSS.vhd Line: 4
Info (12021): Found 2 design units, including 1 entities, in source file bintobcd.vhd
    Info (12022): Found design unit 1: BinToBCD-solve File: C:/Users/User/Documents/ProyectoSD2final/BinToBCD.vhd Line: 13
    Info (12023): Found entity 1: BinToBCD File: C:/Users/User/Documents/ProyectoSD2final/BinToBCD.vhd Line: 6
Info (12021): Found 2 design units, including 1 entities, in source file bcdto7segment.vhd
    Info (12022): Found design unit 1: BCDTo7Segment-solve File: C:/Users/User/Documents/ProyectoSD2final/BCDTo7Segment.vhd Line: 12
    Info (12023): Found entity 1: BCDTo7Segment File: C:/Users/User/Documents/ProyectoSD2final/BCDTo7Segment.vhd Line: 5
Info (12127): Elaborating entity "proyectosd2" for the top level hierarchy
Info (12128): Elaborating entity "Mux2x1" for hierarchy "Mux2x1:inst1"
Info (12128): Elaborating entity "MSS" for hierarchy "MSS:inst4"
Warning (10492): VHDL Process Statement warning at MSS.vhd(44): signal "abrir" is read inside the Process Statement but isn't in the Process Statement's sensitivity list File: C:/Users/User/Documents/ProyectoSD2final/MSS.vhd Line: 44
Warning (10492): VHDL Process Statement warning at MSS.vhd(71): signal "atras" is read inside the Process Statement but isn't in the Process Statement's sensitivity list File: C:/Users/User/Documents/ProyectoSD2final/MSS.vhd Line: 71
Warning (10631): VHDL Process Statement warning at MSS.vhd(22): inferring latch(es) for signal or variable "reset_sos", which holds its previous value in one or more paths through the process File: C:/Users/User/Documents/ProyectoSD2final/MSS.vhd Line: 22
Warning (10631): VHDL Process Statement warning at MSS.vhd(22): inferring latch(es) for signal or variable "reset_contup", which holds its previous value in one or more paths through the process File: C:/Users/User/Documents/ProyectoSD2final/MSS.vhd Line: 22
Warning (10631): VHDL Process Statement warning at MSS.vhd(22): inferring latch(es) for signal or variable "reset_contdown", which holds its previous value in one or more paths through the process File: C:/Users/User/Documents/ProyectoSD2final/MSS.vhd Line: 22
Warning (10631): VHDL Process Statement warning at MSS.vhd(22): inferring latch(es) for signal or variable "reset_resRam", which holds its previous value in one or more paths through the process File: C:/Users/User/Documents/ProyectoSD2final/MSS.vhd Line: 22
Warning (10631): VHDL Process Statement warning at MSS.vhd(22): inferring latch(es) for signal or variable "reset_manual", which holds its previous value in one or more paths through the process File: C:/Users/User/Documents/ProyectoSD2final/MSS.vhd Line: 22
Warning (10631): VHDL Process Statement warning at MSS.vhd(22): inferring latch(es) for signal or variable "en_servomotor", which holds its previous value in one or more paths through the process File: C:/Users/User/Documents/ProyectoSD2final/MSS.vhd Line: 22
Warning (10631): VHDL Process Statement warning at MSS.vhd(22): inferring latch(es) for signal or variable "write_read", which holds its previous value in one or more paths through the process File: C:/Users/User/Documents/ProyectoSD2final/MSS.vhd Line: 22
Warning (10631): VHDL Process Statement warning at MSS.vhd(22): inferring latch(es) for signal or variable "en_agrupa", which holds its previous value in one or more paths through the process File: C:/Users/User/Documents/ProyectoSD2final/MSS.vhd Line: 22
Warning (10631): VHDL Process Statement warning at MSS.vhd(22): inferring latch(es) for signal or variable "estado_siguiente", which holds its previous value in one or more paths through the process File: C:/Users/User/Documents/ProyectoSD2final/MSS.vhd Line: 22
Warning (10631): VHDL Process Statement warning at MSS.vhd(22): inferring latch(es) for signal or variable "en_manual", which holds its previous value in one or more paths through the process File: C:/Users/User/Documents/ProyectoSD2final/MSS.vhd Line: 22
Warning (10631): VHDL Process Statement warning at MSS.vhd(22): inferring latch(es) for signal or variable "en_contadordown", which holds its previous value in one or more paths through the process File: C:/Users/User/Documents/ProyectoSD2final/MSS.vhd Line: 22
Warning (10631): VHDL Process Statement warning at MSS.vhd(22): inferring latch(es) for signal or variable "en_contadorup", which holds its previous value in one or more paths through the process File: C:/Users/User/Documents/ProyectoSD2final/MSS.vhd Line: 22
Warning (10631): VHDL Process Statement warning at MSS.vhd(22): inferring latch(es) for signal or variable "sel_mux", which holds its previous value in one or more paths through the process File: C:/Users/User/Documents/ProyectoSD2final/MSS.vhd Line: 22
Warning (10631): VHDL Process Statement warning at MSS.vhd(22): inferring latch(es) for signal or variable "en_sostenimiento", which holds its previous value in one or more paths through the process File: C:/Users/User/Documents/ProyectoSD2final/MSS.vhd Line: 22
Warning (10631): VHDL Process Statement warning at MSS.vhd(22): inferring latch(es) for signal or variable "en_sos_ram", which holds its previous value in one or more paths through the process File: C:/Users/User/Documents/ProyectoSD2final/MSS.vhd Line: 22
Info (10041): Inferred latch for "en_sos_ram" at MSS.vhd(22) File: C:/Users/User/Documents/ProyectoSD2final/MSS.vhd Line: 22
Info (10041): Inferred latch for "en_sostenimiento" at MSS.vhd(22) File: C:/Users/User/Documents/ProyectoSD2final/MSS.vhd Line: 22
Info (10041): Inferred latch for "sel_mux" at MSS.vhd(22) File: C:/Users/User/Documents/ProyectoSD2final/MSS.vhd Line: 22
Info (10041): Inferred latch for "en_contadorup" at MSS.vhd(22) File: C:/Users/User/Documents/ProyectoSD2final/MSS.vhd Line: 22
Info (10041): Inferred latch for "en_contadordown" at MSS.vhd(22) File: C:/Users/User/Documents/ProyectoSD2final/MSS.vhd Line: 22
Info (10041): Inferred latch for "en_manual" at MSS.vhd(22) File: C:/Users/User/Documents/ProyectoSD2final/MSS.vhd Line: 22
Info (10041): Inferred latch for "estado_siguiente.Ti" at MSS.vhd(22) File: C:/Users/User/Documents/ProyectoSD2final/MSS.vhd Line: 22
Info (10041): Inferred latch for "estado_siguiente.Th" at MSS.vhd(22) File: C:/Users/User/Documents/ProyectoSD2final/MSS.vhd Line: 22
Info (10041): Inferred latch for "estado_siguiente.Tg" at MSS.vhd(22) File: C:/Users/User/Documents/ProyectoSD2final/MSS.vhd Line: 22
Info (10041): Inferred latch for "estado_siguiente.Tf" at MSS.vhd(22) File: C:/Users/User/Documents/ProyectoSD2final/MSS.vhd Line: 22
Info (10041): Inferred latch for "estado_siguiente.Te" at MSS.vhd(22) File: C:/Users/User/Documents/ProyectoSD2final/MSS.vhd Line: 22
Info (10041): Inferred latch for "estado_siguiente.Td" at MSS.vhd(22) File: C:/Users/User/Documents/ProyectoSD2final/MSS.vhd Line: 22
Info (10041): Inferred latch for "estado_siguiente.Tc" at MSS.vhd(22) File: C:/Users/User/Documents/ProyectoSD2final/MSS.vhd Line: 22
Info (10041): Inferred latch for "estado_siguiente.Tb" at MSS.vhd(22) File: C:/Users/User/Documents/ProyectoSD2final/MSS.vhd Line: 22
Info (10041): Inferred latch for "estado_siguiente.Ta" at MSS.vhd(22) File: C:/Users/User/Documents/ProyectoSD2final/MSS.vhd Line: 22
Info (10041): Inferred latch for "en_agrupa" at MSS.vhd(22) File: C:/Users/User/Documents/ProyectoSD2final/MSS.vhd Line: 22
Info (10041): Inferred latch for "write_read" at MSS.vhd(22) File: C:/Users/User/Documents/ProyectoSD2final/MSS.vhd Line: 22
Info (10041): Inferred latch for "en_servomotor" at MSS.vhd(22) File: C:/Users/User/Documents/ProyectoSD2final/MSS.vhd Line: 22
Info (10041): Inferred latch for "reset_manual" at MSS.vhd(22) File: C:/Users/User/Documents/ProyectoSD2final/MSS.vhd Line: 22
Info (10041): Inferred latch for "reset_resRam" at MSS.vhd(22) File: C:/Users/User/Documents/ProyectoSD2final/MSS.vhd Line: 22
Info (10041): Inferred latch for "reset_contdown" at MSS.vhd(22) File: C:/Users/User/Documents/ProyectoSD2final/MSS.vhd Line: 22
Info (10041): Inferred latch for "reset_contup" at MSS.vhd(22) File: C:/Users/User/Documents/ProyectoSD2final/MSS.vhd Line: 22
Info (10041): Inferred latch for "reset_sos" at MSS.vhd(22) File: C:/Users/User/Documents/ProyectoSD2final/MSS.vhd Line: 22
Info (12128): Elaborating entity "Comparator" for hierarchy "Comparator:inst89"
Info (12128): Elaborating entity "contadorup" for hierarchy "contadorup:inst6"
Info (12128): Elaborating entity "contadordown" for hierarchy "contadordown:inst9"
Info (12128): Elaborating entity "registro_sostenimiento" for hierarchy "registro_sostenimiento:inst10"
Info (12128): Elaborating entity "ram" for hierarchy "ram:inst22"
Info (12128): Elaborating entity "agrupa" for hierarchy "agrupa:inst3"
Info (12128): Elaborating entity "registro_sostenimiento" for hierarchy "registro_sostenimiento:inst90"
Info (12128): Elaborating entity "BCDTo7Segment" for hierarchy "BCDTo7Segment:inst11"
Info (12128): Elaborating entity "BinToBCD" for hierarchy "BinToBCD:inst20"
Info (12128): Elaborating entity "contador_up_down" for hierarchy "contador_up_down:inst14"
Warning (10492): VHDL Process Statement warning at contador_up_down.vhd(17): signal "reset" is read inside the Process Statement but isn't in the Process Statement's sensitivity list File: C:/Users/User/Documents/ProyectoSD2final/contador_up_down.vhd Line: 17
Warning (10492): VHDL Process Statement warning at contador_up_down.vhd(20): signal "clock" is read inside the Process Statement but isn't in the Process Statement's sensitivity list File: C:/Users/User/Documents/ProyectoSD2final/contador_up_down.vhd Line: 20
Info (17049): 8 registers lost all their fanouts during netlist optimizations.
Info (16010): Generating hard_block partition "hard_block:auto_generated_inst"
    Info (16011): Adding 0 node(s), including 0 DDIO, 0 PLL, 0 transceiver and 0 LCELL
Warning (21074): Design contains 8 input pin(s) that do not drive logic
    Warning (15610): No output dependent on input pin "abrir"
    Warning (15610): No output dependent on input pin "cerrar"
    Warning (15610): No output dependent on input pin "clock"
    Warning (15610): No output dependent on input pin "reset"
    Warning (15610): No output dependent on input pin "auto/manual"
    Warning (15610): No output dependent on input pin "regular/memoria"
    Warning (15610): No output dependent on input pin "ajustar"
    Warning (15610): No output dependent on input pin "atras"
Info (21057): Implemented 8 device resources after synthesis - the final resource count might be different
    Info (21058): Implemented 8 input pins
    Info (21059): Implemented 0 output pins
Info: Quartus Prime Analysis & Synthesis was successful. 0 errors, 29 warnings
    Info: Peak virtual memory: 4853 megabytes
    Info: Processing ended: Wed Sep 06 19:08:21 2023
    Info: Elapsed time: 00:00:08
    Info: Total CPU time (on all processors): 00:00:10


